[05:44:51] [main/INFO]: Loading Minecraft 1.21.4 with Fabric Loader 0.18.2
[05:44:51] [ForkJoinPool-1-worker-4/WARN]: Mod ezvcsurvival uses the version fabric-1.21.4-1.0.1 which isn't compatible with Loader's extended semantic version format (Could not parse version number component 'fabric'!), SemVer is recommended for reliably evaluating dependencies and prioritizing newer version
[05:44:52] [ForkJoinPool-1-worker-4/WARN]: The mod "takesapillage" contains invalid entries in its mod json:
- Unsupported root entry "mc-publish" at line 51 column 17
[05:44:52] [main/WARN]: Warnings were found!
 - Mod 'Forge Config API Port' (forgeconfigapiport) 21.4.3 recommends any version of modmenu, which is missing!
	 - You should install any version of modmenu for the optimal experience.
[05:44:52] [main/INFO]: Loading 120 mods:
	- architectury 15.0.3
	- attributefix 21.4.2
	- balm 21.4.41
	   \-- kuma_api 21.4.8
	- betteradvancements 0.4.6.38
	- betterdungeons 1.21.4-Fabric-5.4.0
	   \-- org_reflections_reflections 0.10.2
	- betterendcitiesvanilla 1.21.4-1.0.0
	- carryon 2.3.0
	- cloth-config 17.0.144
	   \-- cloth-basic-math 0.6.1
	- cristellib 2.0.2
	   \-- blue_endless_jankson 1.2.3
	- dungeons_arise_seven_seas 1.0.4
	- entityculling 1.9.5
	   |-- transition 1.0.11
	   \-- trender 1.0.10
	- ezvcsurvival fabric-1.21.4-1.0.1
	- fabric-api 0.119.4+1.21.4
	   |-- fabric-api-base 0.4.54+b47eab6b04
	   |-- fabric-api-lookup-api-v1 1.6.86+b1caf1e904
	   |-- fabric-biome-api-v1 15.0.6+b1c29d8e04
	   |-- fabric-block-api-v1 1.0.31+7feeb73304
	   |-- fabric-block-view-api-v2 1.0.20+9c49cc8c04
	   |-- fabric-blockrenderlayer-v1 2.0.8+7feeb73304
	   |-- fabric-client-tags-api-v1 1.1.29+20ea1e2304
	   |-- fabric-command-api-v1 1.2.62+f71b366f04
	   |-- fabric-command-api-v2 2.2.41+e496eb1504
	   |-- fabric-commands-v0 0.2.79+df3654b304
	   |-- fabric-content-registries-v0 9.1.19+25d1a67604
	   |-- fabric-convention-tags-v1 2.1.20+7f945d5b04
	   |-- fabric-convention-tags-v2 2.14.1+aebda09404
	   |-- fabric-crash-report-info-v1 0.3.6+7feeb73304
	   |-- fabric-data-attachment-api-v1 1.6.2+e99da0f704
	   |-- fabric-data-generation-api-v1 22.3.1+0f4e5f5504
	   |-- fabric-dimensions-v1 4.0.10+7feeb73304
	   |-- fabric-entity-events-v1 2.0.15+62245bef04
	   |-- fabric-events-interaction-v0 4.0.4+a4eebcf004
	   |-- fabric-game-rule-api-v1 1.0.63+7d48d43904
	   |-- fabric-item-api-v1 11.4.0+189dd6fe04
	   |-- fabric-item-group-api-v1 4.2.2+fcb9601404
	   |-- fabric-key-binding-api-v1 1.0.57+7d48d43904
	   |-- fabric-keybindings-v0 0.2.55+df3654b304
	   |-- fabric-lifecycle-events-v1 2.5.4+bf2a60eb04
	   |-- fabric-loot-api-v2 3.0.38+3f89f5a504
	   |-- fabric-loot-api-v3 1.0.26+203e6b2304
	   |-- fabric-message-api-v1 6.0.26+238a33c004
	   |-- fabric-model-loading-api-v1 4.3.0+ae23723504
	   |-- fabric-networking-api-v1 4.4.0+db5e668204
	   |-- fabric-object-builder-api-v1 18.0.14+38b0d59804
	   |-- fabric-particles-v1 4.0.14+7feeb73304
	   |-- fabric-recipe-api-v1 8.1.1+640e77ae04
	   |-- fabric-registry-sync-v0 6.1.11+4a9c1ece04
	   |-- fabric-renderer-api-v1 5.0.3+50f0feb204
	   |-- fabric-renderer-indigo 2.0.3+50f0feb204
	   |-- fabric-rendering-data-attachment-v1 0.3.58+73761d2e04
	   |-- fabric-rendering-fluids-v1 3.1.19+7feeb73304
	   |-- fabric-rendering-v1 10.2.1+0d31b09f04
	   |-- fabric-resource-conditions-api-v1 5.0.13+203e6b2304
	   |-- fabric-resource-loader-v0 3.1.1+360374ac04
	   |-- fabric-screen-api-v1 2.0.38+7feeb73304
	   |-- fabric-screen-handler-api-v1 1.3.118+7feeb73304
	   |-- fabric-sound-api-v1 1.0.32+7feeb73304
	   |-- fabric-tag-api-v1 1.0.7+7d48d43904
	   |-- fabric-transfer-api-v1 5.4.9+efa825c904
	   \-- fabric-transitive-access-wideners-v1 6.3.2+56e78b9b04
	- fabricloader 0.18.2
	   \-- mixinextras 0.5.0
	- forgeconfigapiport 21.4.3
	   |-- com_electronwill_night-config_core 3.8.1
	   \-- com_electronwill_night-config_toml 3.8.1
	- framework 0.10.4
	   |-- org_javassist_javassist 3.29.2-GA
	   \-- org_reflections_reflections 0.10.2
	- friendsandfoes 4.0.19
	- galosphere 1.21.4-1.5.0
	- geckolib 4.8.5
	- illagerinvasion 21.4.1
	   |-- extensibleenums 21.4.0
	   \-- neoforgedatapackextensions 21.4.0
	- java 21
	- journeymap 1.21.4-6.0.0-beta.47
	   |-- ar_com_hjg_pngj 2.1.0
	   |-- commonnetworking 1.0.18-1.21.4
	   \-- journeymap-api-fabric 2.0.0-1.21.4-SNAPSHOT
	- livingthings 1.21.4-2.3.0
	- medievalend 1.0.5
	- minecraft 1.21.4
	- modernfix 5.20.3+mc1.21.4
	- mr_lukis_ancientcities 1-v1.2
	- mr_true_ending 1-v1.1.4d
	- netherex 1.2.3
	- notenoughanimations 1.11.1
	   |-- transition 1.0.11
	   \-- trender 1.0.10
	- owo 0.12.20+1.21.4
	   |-- io_wispforest_endec 0.1.9
	   |-- io_wispforest_endec_gson 0.1.6
	   |-- io_wispforest_endec_jankson 0.1.6
	   \-- io_wispforest_endec_netty 0.1.5
	- prickle 21.4.1
	- promenade 5.0.2
	   \-- biolith 3.2.0
	- puzzleslib 21.4.14
	- refurbished_furniture 1.0.14
	- resourcefulconfig 3.4.3
	- resourcefullib 3.4.5
	   |-- com_teamresourceful_bytecodecs 1.1.2
	   \-- com_teamresourceful_yabn 1.0.3
	- somemoreblocks 1.2.5
	- sound_physics_remastered 1.21.4-1.5.1
	- spark 1.10.121
	   \-- fabric-permissions-api-v0 0.3.3
	- structory 1.3.14
	- t_and_t 1.13.5
	- takesapillage 1.0.10
	- terrablender 4.3.0.2
	- undeadnights 1.2.3-Fabric-mc1.21.4
	- variantsandventures 1.0.22
	- visualworkbench 21.4.1
	- voicechat 1.21.4-2.6.11
	   |-- fabric-key-binding-api-v1 1.0.55+7feeb73382
	   \-- voicechat_api 2.6.0
	- waystones 21.4.19
	- yet_another_config_lib_v3 3.8.2+1.21.4-fabric
	   |-- com_twelvemonkeys_common_common-image 3.12.0
	   |-- com_twelvemonkeys_common_common-io 3.12.0
	   |-- com_twelvemonkeys_common_common-lang 3.12.0
	   |-- com_twelvemonkeys_imageio_imageio-core 3.12.0
	   |-- com_twelvemonkeys_imageio_imageio-metadata 3.12.0
	   |-- com_twelvemonkeys_imageio_imageio-webp 3.12.0
	   |-- org_quiltmc_parsers_gson 0.2.1
	   \-- org_quiltmc_parsers_json 0.2.1
	- yungsapi 1.21.4-Fabric-5.4.0
	   |-- org_javassist_javassist 3.29.2-GA
	   \-- org_reflections_reflections 0.10.2
[05:44:52] [main/INFO]: SpongePowered MIXIN Subsystem Version=0.8.7 Source=file:/workspaces/ForGames/servidor_minecraft/libraries/net/fabricmc/sponge-mixin/0.16.5+mixin.0.8.7/sponge-mixin-0.16.5+mixin.0.8.7.jar Service=Knot/Fabric Env=SERVER
[05:44:52] [main/INFO]: Compatibility level set to JAVA_16
[05:44:52] [main/INFO]: Compatibility level set to JAVA_18
[05:44:52] [main/INFO]: Compatibility level set to JAVA_21
[05:44:52] [main/WARN]: Reference map 'extensibleenums.common.refmap.json' for extensibleenums.common.mixins.json could not be read. If this is a development environment you can ignore this message
[05:44:52] [main/WARN]: Reference map 'extensibleenums.fabric.refmap.json' for extensibleenums.fabric.mixins.json could not be read. If this is a development environment you can ignore this message
[05:44:52] [main/WARN]: Reference map 'forgeconfigapiport.common.refmap.json' for forgeconfigapiport.common.mixins.json could not be read. If this is a development environment you can ignore this message
[05:44:52] [main/WARN]: Reference map 'friendsandfoes.refmap.json' for friendsandfoes-common.mixins.json could not be read. If this is a development environment you can ignore this message
[05:44:52] [main/WARN]: Reference map 'friendsandfoes.refmap.json' for friendsandfoes-fabric.mixins.json could not be read. If this is a development environment you can ignore this message
[05:44:52] [main/WARN]: Reference map 'illagerinvasion.fabric.refmap.json' for illagerinvasion.fabric.mixins.json could not be read. If this is a development environment you can ignore this message
[05:44:52] [main/WARN]: Reference map 'journeymap-refmap.json' for journeymap.mixins.json could not be read. If this is a development environment you can ignore this message
[05:44:52] [main/WARN]: Reference map 'journeymap-refmap.json' for journeymap.fabric.mixins.json could not be read. If this is a development environment you can ignore this message
[05:44:52] [main/INFO]: Loaded configuration file for ModernFix 5.20.3+mc1.21.4: 54 options available, 0 override(s) found
[05:44:52] [main/INFO]: Applying Nashorn fix
[05:44:52] [main/WARN]: Reference map 'neoforgedatapackextensions.common.refmap.json' for neoforgedatapackextensions.common.mixins.json could not be read. If this is a development environment you can ignore this message
[05:44:52] [main/WARN]: Reference map 'prickle.refmap.json' for prickle.mixins.json could not be read. If this is a development environment you can ignore this message
[05:44:52] [main/WARN]: Reference map 'prickle.refmap.json' for prickle.fabric.mixins.json could not be read. If this is a development environment you can ignore this message
[05:44:52] [main/WARN]: Reference map 'visualworkbench.fabric.refmap.json' for visualworkbench.fabric.mixins.json could not be read. If this is a development environment you can ignore this message
[05:44:52] [main/WARN]: Reference map 'yet_another_config_lib_v3.refmap.json' for yacl.mixins.json could not be read. If this is a development environment you can ignore this message
[05:44:52] [main/WARN]: Reference map 'yet_another_config_lib_v3.refmap.json' for yacl-fabric.mixins.json could not be read. If this is a development environment you can ignore this message
[05:44:53] [main/WARN]: Error loading class: com/electronwill/nightconfig/core/io/IoUtils (java.lang.ClassNotFoundException: com/electronwill/nightconfig/core/io/IoUtils)
[05:44:53] [main/WARN]: Error loading class: net/minecraft/class_778$class_780 (java.lang.ClassNotFoundException: net/minecraft/class_778$class_780)
[05:44:53] [main/WARN]: @Mixin target net.minecraft.class_778$class_780 was not found galosphere.mixins.json:access.AmbientOcclusionFaceAccessor from mod galosphere
[05:44:53] [main/WARN]: Error loading class: net/minecraft/class_897 (java.lang.ClassNotFoundException: net/minecraft/class_897)
[05:44:53] [main/WARN]: @Mixin target net.minecraft.class_897 was not found galosphere.mixins.json:access.EntityRendererAccessor from mod galosphere
[05:44:53] [main/WARN]: Error loading class: net/minecraft/class_938 (java.lang.ClassNotFoundException: net/minecraft/class_938)
[05:44:53] [main/WARN]: @Mixin target net.minecraft.class_938 was not found journeymap.mixins.json:client.SalmonRendererInvoker from mod journeymap
[05:44:53] [main/WARN]: Error loading class: net/minecraft/class_287 (java.lang.ClassNotFoundException: net/minecraft/class_287)
[05:44:53] [main/WARN]: @Mixin target net.minecraft.class_287 was not found owo.mixins.json:BufferBuilderAccessor from mod owo
[05:44:53] [main/WARN]: Error loading class: net/minecraft/class_437 (java.lang.ClassNotFoundException: net/minecraft/class_437)
[05:44:53] [main/WARN]: @Mixin target net.minecraft.class_437 was not found owo.mixins.json:ScreenAccessor from mod owo
[05:44:53] [main/WARN]: Error loading class: xyz/nucleoid/server/translations/impl/language/SystemDelegatedLanguage (java.lang.ClassNotFoundException: xyz/nucleoid/server/translations/impl/language/SystemDelegatedLanguage)
[05:44:53] [main/INFO]: Initializing MixinExtras via com.llamalad7.mixinextras.service.MixinExtrasServiceImpl(version=0.5.0).
[05:45:00] [main/INFO]: Vanilla bootstrap took 5992 milliseconds
[05:45:00] [main/INFO]: Reflections took 42 ms to scan 1 urls, producing 1 keys and 3 values
[05:45:00] [main/INFO]: Reflections took 14 ms to scan 1 urls, producing 1 keys and 3 values
[05:45:00] [main/INFO]: Hello Fabric world!
[05:45:00] [main/INFO]: Biolith for Fabric is initializing...
[05:45:00] [main/INFO]: Enabling Biolith's TerraBlender compatibility layer.
[05:45:00] [main/INFO]: YAaargh!
[05:45:01] [main/INFO]: Reflections took 181 ms to scan 1 urls, producing 7 keys and 80 values
[05:45:02] [main/INFO]: Config file 'config/friendsandfoes.json' does not exist. Creating it with default values.
[05:45:02] [main/INFO]: Serializing class com.faboslav.friendsandfoes.common.config.FriendsAndFoesConfig to 'config/friendsandfoes.json'
[05:45:03] [main/INFO]: Constructing common components for illagerinvasion:main
[05:45:03] [main/INFO]: Initializing ServerSide Packet Registries
[05:45:03] [main/INFO]: Loaded FabricRegistrationFactory for service Factory
[05:45:03] [main/INFO]: Loaded FabricPlatformHelper for service IPlatformHelper
[05:45:03] [main/WARN]: No config 'livingthings.json' was found, created a new one.
[05:45:03] [main/WARN]: No config 'penguin.json' was found, created a new one.
[05:45:03] [main/WARN]: No config 'elephant.json' was found, created a new one.
[05:45:03] [main/WARN]: No config 'giraffe.json' was found, created a new one.
[05:45:03] [main/WARN]: No config 'lion.json' was found, created a new one.
[05:45:03] [main/WARN]: No config 'shark.json' was found, created a new one.
[05:45:03] [main/WARN]: No config 'ostrich.json' was found, created a new one.
[05:45:03] [main/WARN]: No config 'flamingo.json' was found, created a new one.
[05:45:03] [main/WARN]: No config 'crab.json' was found, created a new one.
[05:45:03] [main/WARN]: No config 'mantaray.json' was found, created a new one.
[05:45:03] [main/WARN]: No config 'raccoon.json' was found, created a new one.
[05:45:03] [main/WARN]: No config 'owl.json' was found, created a new one.
[05:45:03] [main/WARN]: No config 'ancient_blaze.json' was found, created a new one.
[05:45:03] [main/WARN]: No config 'koala.json' was found, created a new one.
[05:45:03] [main/WARN]: No config 'snail.json' was found, created a new one.
[05:45:03] [main/WARN]: No config 'monkey.json' was found, created a new one.
[05:45:03] [main/WARN]: No config 'nether_knight.json' was found, created a new one.
[05:45:03] [main/WARN]: No config 'shroomie.json' was found, created a new one.
[05:45:03] [main/WARN]: No config 'seahorse.json' was found, created a new one.
[05:45:03] [main/WARN]: No config 'baby_ender_dragon.json' was found, created a new one.
[05:45:03] [main/WARN]: No config 'peacock.json' was found, created a new one.
[05:45:03] [main/INFO]: Registering MobAttributes
[05:45:03] [main/INFO]: Registering SpawnPlacements
[05:45:03] [main/INFO]: chyz: now i just need to painstakingly move jerry (the little tiny lil fella tiny guy man button) to correct spot when recipe book is opened
[05:45:04] [main/INFO]: Constructing common components for puzzleslib:main
[05:45:04] [main/INFO]: Registered synced data key refurbished_furniture:lock_yaw for refurbished_furniture:seat
[05:45:04] [main/INFO]: Loaded service: net.seface.somemoreblocks.platform.FabricPlatformHelper@698115
[05:45:04] [main/INFO]: *****************************************************
[05:45:04] [main/INFO]: *           Some More Blocks initialized!           *
[05:45:04] [main/INFO]: *          https://sefacestudios.net/links          *
[05:45:04] [main/INFO]: *****************************************************
[05:45:04] [main/INFO]:   > Platform: Fabric
[05:45:04] [main/INFO]:   > Environment: Production
[05:45:04] [main/INFO]:   > Version: 1.21.4-1.2.5
[05:45:04] [main/INFO]: *****************************************************
[05:45:05] [main/INFO]: Config file 'config/takesapillage.json' does not exist. Creating it with default values.
[05:45:05] [main/INFO]: Serializing class com.izofar.takesapillage.common.config.ItTakesPillageConfig to 'config/takesapillage.json'
[05:45:05] [main/INFO]: Registered region minecraft:overworld to index 0 for type OVERWORLD
[05:45:05] [main/INFO]: Registered region minecraft:nether to index 0 for type NETHER
[05:45:05] [main/INFO]: Registered region netherex:nether to index 1 for type NETHER
[05:45:05] [main/INFO]: Initializing Undead Nights Mod
[05:45:05] [main/INFO]: Loading undeadnights horde mobs config
[05:45:05] [main/INFO]: Default horde mob undeadnights:horde_zombie was read from config.
[05:45:05] [main/INFO]: Horde mob undeadnights:elite_zombie with chance 3% was read from config.
[05:45:05] [main/INFO]: Horde mob undeadnights:demolition_zombie with chance 6% was read from config.
[05:45:05] [main/INFO]: Registering Mod Items for undeadnights
[05:45:05] [main/INFO]: Registering Sounds for undeadnights
[05:45:05] [main/INFO]: Config file 'config/variantsandventures.json' does not exist. Creating it with default values.
[05:45:05] [main/INFO]: Serializing class com.faboslav.variantsandventures.common.config.VariantsAndVenturesConfig to 'config/variantsandventures.json'
[05:45:05] [main/INFO]: Constructing common components for visualworkbench:main
[05:45:05] [main/INFO]: Dispatching loading event for config visualworkbench-common.toml
[05:45:05] [main/INFO]: [voicechat] Compatibility version 20
[05:45:05] [main/INFO]: [voicechat] Loading plugins
[05:45:05] [main/INFO]: [voicechat] Loaded 2 plugin(s)
[05:45:05] [main/INFO]: [voicechat] Initializing plugins
[05:45:05] [main/INFO]: Initializing Simple Voice Chat integration
[05:45:05] [main/INFO]: [voicechat] Initialized 2 plugin(s)
[05:45:05] [main/INFO]: [voicechat] Registering events for 'ezvcsurvival.mixins.json'
[05:45:05] [main/INFO]: [voicechat] Registering events for 'sound_physics_remastered'
[05:45:05] [main/INFO]: Reflections took 2 ms to scan 1 urls, producing 1 keys and 3 values
[05:45:05] [main/INFO]: Reflections took 2 ms to scan 1 urls, producing 1 keys and 3 values
[05:45:05] [main/INFO]: Environment: Environment[sessionHost=https://sessionserver.mojang.com, servicesHost=https://api.minecraftservices.com, name=PROD]
[05:45:07] [main/INFO]: No existing world data, creating new world
[05:45:07] [Worker-Main-2/INFO]: Command '/livingthings' registered
[05:45:08] [main/INFO]: Loaded 4357 recipes
[05:45:08] [main/INFO]: Loaded 4505 advancements
[05:45:08] [main/INFO]: Loaded 1 moobloom variants
[05:45:08] [main/INFO]: Loaded 32 entity animations
[05:45:09] [main/INFO]: Initialized TerraBlender biomes for level stem minecraft:overworld
[05:45:09] [main/INFO]: Initialized TerraBlender biomes for level stem minecraft:the_nether
[05:45:09] [main/INFO]: Applied 1256 biome modifications to 71 of 77 new biomes in 99.97 ms
[05:45:09] [Server thread/INFO]: Dispatching loading event for config illagerinvasion-server.toml
[05:45:09] [Server thread/INFO]: Loading server configs...
[05:45:09] [Server thread/INFO]: Starting background profiler...
[05:45:09] [Server thread/INFO]: Starting minecraft server version 1.21.4
[05:45:09] [Server thread/INFO]: Loading properties
[05:45:09] [Server thread/INFO]: Default game type: SURVIVAL
[05:45:09] [Server thread/INFO]: Generating keypair
[05:45:09] [Server thread/INFO]: Starting Minecraft server on *:25565
[05:45:09] [Server thread/INFO]: Using epoll channel type
[05:45:09] [Server thread/WARN]: **** SERVER IS RUNNING IN OFFLINE/INSECURE MODE!
[05:45:09] [Server thread/WARN]: The server will make no attempt to authenticate usernames. Beware.
[05:45:09] [Server thread/WARN]: While this makes the game possible to play without internet access, it also opens up the ability for hackers to connect with any username they choose.
[05:45:09] [Server thread/WARN]: To change this, set "online-mode" to "true" in the server.properties file.
[05:45:09] [Server thread/INFO]: Preparing level "world"
[05:45:19] [Server thread/INFO]: Preparing start region for dimension minecraft:overworld
[05:45:19] [Worker-Main-2/INFO]: Preparing spawn area: 2%
[05:45:20] [Worker-Main-1/INFO]: Preparing spawn area: 2%
[05:45:20] [Worker-Main-3/INFO]: Preparing spawn area: 2%
[05:45:21] [Worker-Main-1/INFO]: Preparing spawn area: 2%
[05:45:21] [Worker-Main-3/INFO]: Preparing spawn area: 2%
[05:45:22] [Worker-Main-2/INFO]: Preparing spawn area: 18%
[05:45:22] [Worker-Main-2/INFO]: Preparing spawn area: 18%
[05:45:23] [Worker-Main-1/INFO]: Preparing spawn area: 18%
[05:45:23] [Worker-Main-1/INFO]: Preparing spawn area: 18%
[05:45:24] [Worker-Main-2/INFO]: Preparing spawn area: 20%
[05:45:24] [Worker-Main-2/INFO]: Preparing spawn area: 20%
[05:45:25] [Worker-Main-1/INFO]: Preparing spawn area: 51%
[05:45:25] [Worker-Main-2/INFO]: Preparing spawn area: 51%
[05:45:26] [Worker-Main-3/INFO]: Preparing spawn area: 51%
[05:45:26] [Worker-Main-3/INFO]: Preparing spawn area: 51%
[05:45:27] [Worker-Main-1/INFO]: Preparing spawn area: 53%
[05:45:27] [Server thread/INFO]: Time elapsed: 7623 ms
[05:45:27] [Server thread/INFO]: Done (17.758s)! For help, type "help"
[05:45:27] [Server thread/WARN]: Dedicated server took 36.643 seconds to load
[05:45:27] [Server thread/INFO]: Loaded null for service interface journeymap.api.services.WebMapService
[05:45:27] [Server thread/INFO]: Loaded journeymap.common.helpers.FabricClientHooks@45d9444a for service interface journeymap.api.services.ClientPlatformService
[05:45:27] [Server thread/INFO]: Loaded journeymap.common.helpers.FabricHooks@40996041 for service interface journeymap.api.services.CommonPlatformService
[05:45:27] [Server thread/INFO]: global (FirstLoaded) Setting config file to version "6.0.0-beta.47": journeymap.server.global.config
[05:45:27] [Server thread/INFO]: global (Valid) Creating config file: journeymap/server/6.0/journeymap.server.global.config
[05:45:27] [Server thread/INFO]: default (FirstLoaded) Setting config file to version "6.0.0-beta.47": journeymap.server.default.config
[05:45:27] [Server thread/INFO]: default (Valid) Creating config file: journeymap/server/6.0/journeymap.server.default.config
[05:45:27] [Server thread/INFO]: minecraft~overworld (Valid) Creating config file: journeymap/server/6.0/journeymap.server.minecraft~overworld.config
[05:45:27] [Server thread/INFO]: minecraft~the_end (Valid) Creating config file: journeymap/server/6.0/journeymap.server.minecraft~the_end.config
[05:45:27] [Server thread/INFO]: minecraft~the_nether (Valid) Creating config file: journeymap/server/6.0/journeymap.server.minecraft~the_nether.config
[05:45:27] [Server thread/WARN]: [voicechat] Running in offline mode - Voice chat encryption is not secure!
[05:45:27] [VoiceChatServerThread/INFO]: [voicechat] Voice chat server started at port 24454
[05:45:27] [Server thread/INFO]: Initialized AttributeFix. Took 141.43ms.
[05:45:57] [Server thread/INFO]: JEstban[/10.83.212.238:59393] logged in with entity id 17 at (-518.5, 71.0, -73.5)
[05:45:57] [Server thread/INFO]: [voicechat] Using Fabric Permissions API
[05:45:57] [Server thread/INFO]: JEstban joined the game
[05:45:57] [Server thread/INFO]: [voicechat] Received secret request of JEstban (20)
[05:45:57] [Server thread/INFO]: [voicechat] Sent secret to JEstban
[05:45:58] [VoiceChatPacketProcessingThread/INFO]: [voicechat] Successfully authenticated player 3510cda0-9757-3cfe-b5da-71b92b8b6fa8
[05:45:59] [VoiceChatPacketProcessingThread/INFO]: [voicechat] Successfully validated connection of player 3510cda0-9757-3cfe-b5da-71b92b8b6fa8
[05:45:59] [VoiceChatPacketProcessingThread/INFO]: [voicechat] Player JEstban (3510cda0-9757-3cfe-b5da-71b92b8b6fa8) successfully connected to voice chat
[05:46:14] [Worker-Main-3/ERROR]: Block-attached entity at invalid position: class_2338{x=-87, y=142, z=46}
[05:46:27] [Worker-Main-2/ERROR]: Block-attached entity at invalid position: class_2338{x=-87, y=142, z=46}
[05:53:25] [Server thread/INFO]: JEstban has made the advancement [Local Brewery]
[05:56:44] [Server thread/INFO]: JEstban has made the advancement [Acquire Hardware]
[06:01:46] [Worker-Main-2/ERROR]: Block-attached entity at invalid position: class_2338{x=-87, y=142, z=46}
[06:02:59] [Worker-Main-3/WARN]: Empty or non-existent pool: structory:harvest/well_bottoms
[06:03:58] [Worker-Main-1/ERROR]: Block-attached entity at invalid position: class_2338{x=-42, y=140, z=100}
[06:04:10] [Worker-Main-1/ERROR]: Block-attached entity at invalid position: class_2338{x=-87, y=142, z=46}
[06:05:08] [Server thread/INFO]: JEstban was slain by Drowned
[06:05:45] [Server thread/INFO]: Set JEstban's game mode to Creative Mode
[06:12:11] [Server thread/INFO]: JEstban has made the advancement [Drop it like it's hot]
[06:16:41] [Server thread/INFO]: JEstban lost connection: Disconnected
[06:16:41] [Server thread/INFO]: JEstban left the game
[06:16:41] [Server thread/INFO]: [voicechat] Disconnecting client JEstban
[06:17:41] [Server thread/INFO]: Server empty for 60 seconds, pausing
